<?xml version="1.0" encoding="UTF-8"?>
<coverage generated="1562882803867" clover="3.2.0">
  <project timestamp="1562882803867" name="All files">
    <metrics statements="9" coveredstatements="9" conditionals="8" coveredconditionals="8" methods="3" coveredmethods="3" elements="20" coveredelements="20" complexity="0" loc="9" ncloc="9" packages="1" files="1" classes="1"/>
    <file name="Html.js" path="/Users/donhamiltoniii/Documents/personal-projects/js-projects/vanilla-projects/vanilla-ui-component-library/src/js/utils/Html/Html.js">
      <metrics statements="9" coveredstatements="9" conditionals="8" coveredconditionals="8" methods="3" coveredmethods="3"/>
      <line num="4" count="4" type="cond" truecount="2" falsecount="0"/>
      <line num="6" count="3" type="stmt"/>
      <line num="7" count="3" type="cond" truecount="2" falsecount="0"/>
      <line num="9" count="2" type="stmt"/>
      <line num="13" count="4" type="stmt"/>
      <line num="17" count="5" type="cond" truecount="2" falsecount="0"/>
      <line num="19" count="4" type="stmt"/>
      <line num="21" count="4" type="cond" truecount="2" falsecount="0"/>
      <line num="23" count="3" type="stmt"/>
    </file>
  </project>
</coverage>
