<?xml version="1.0" encoding="UTF-8"?>
<coverage generated="1562891776491" clover="3.2.0">
  <project timestamp="1562891776491" name="All files">
    <metrics statements="12" coveredstatements="12" conditionals="10" coveredconditionals="10" methods="5" coveredmethods="5" elements="27" coveredelements="27" complexity="0" loc="12" ncloc="12" packages="1" files="1" classes="1"/>
    <file name="Html.js" path="/Users/donhamiltoniii/Documents/personal-projects/js-projects/vanilla-projects/vanilla-ui-component-library/src/js/utils/Html/Html.js">
      <metrics statements="12" coveredstatements="12" conditionals="10" coveredconditionals="10" methods="5" coveredmethods="5"/>
      <line num="2" count="8" type="stmt"/>
      <line num="7" count="8" type="cond" truecount="2" falsecount="0"/>
      <line num="9" count="7" type="stmt"/>
      <line num="11" count="7" type="cond" truecount="2" falsecount="0"/>
      <line num="12" count="4" type="cond" truecount="4" falsecount="0"/>
      <line num="13" count="2" type="stmt"/>
      <line num="14" count="3" type="cond" truecount="2" falsecount="0"/>
      <line num="15" count="1" type="stmt"/>
      <line num="17" count="2" type="stmt"/>
      <line num="22" count="4" type="stmt"/>
      <line num="26" count="4" type="stmt"/>
      <line num="30" count="3" type="stmt"/>
    </file>
  </project>
</coverage>
