{"/Users/donhamiltoniii/Documents/personal-projects/js-projects/vanilla-projects/vanilla-ui-component-library/src/js/utils/Html/Html.js": {"path":"/Users/donhamiltoniii/Documents/personal-projects/js-projects/vanilla-projects/vanilla-ui-component-library/src/js/utils/Html/Html.js","statementMap":{"0":{"start":{"line":2,"column":2},"end":{"line":2,"column":24}},"1":{"start":{"line":7,"column":4},"end":{"line":7,"column":79}},"2":{"start":{"line":7,"column":35},"end":{"line":7,"column":79}},"3":{"start":{"line":9,"column":22},"end":{"line":9,"column":54}},"4":{"start":{"line":11,"column":4},"end":{"line":18,"column":5}},"5":{"start":{"line":12,"column":6},"end":{"line":12,"column":112}},"6":{"start":{"line":12,"column":61},"end":{"line":12,"column":112}},"7":{"start":{"line":13,"column":6},"end":{"line":13,"column":50}},"8":{"start":{"line":14,"column":11},"end":{"line":18,"column":5}},"9":{"start":{"line":15,"column":6},"end":{"line":15,"column":33}},"10":{"start":{"line":17,"column":6},"end":{"line":17,"column":30}},"11":{"start":{"line":22,"column":4},"end":{"line":22,"column":23}},"12":{"start":{"line":26,"column":4},"end":{"line":26,"column":33}},"13":{"start":{"line":30,"column":4},"end":{"line":30,"column":33}}},"fnMap":{"0":{"name":"(anonymous_0)","decl":{"start":{"line":1,"column":15},"end":{"line":1,"column":16}},"loc":{"start":{"line":1,"column":32},"end":{"line":3,"column":1}},"line":1},"1":{"name":"(anonymous_1)","decl":{"start":{"line":6,"column":2},"end":{"line":6,"column":3}},"loc":{"start":{"line":6,"column":21},"end":{"line":19,"column":3}},"line":6},"2":{"name":"(anonymous_2)","decl":{"start":{"line":21,"column":2},"end":{"line":21,"column":3}},"loc":{"start":{"line":21,"column":15},"end":{"line":23,"column":3}},"line":21},"3":{"name":"(anonymous_3)","decl":{"start":{"line":25,"column":2},"end":{"line":25,"column":3}},"loc":{"start":{"line":25,"column":22},"end":{"line":27,"column":3}},"line":25},"4":{"name":"(anonymous_4)","decl":{"start":{"line":29,"column":2},"end":{"line":29,"column":3}},"loc":{"start":{"line":29,"column":19},"end":{"line":31,"column":3}},"line":29}},"branchMap":{"0":{"loc":{"start":{"line":7,"column":4},"end":{"line":7,"column":79}},"type":"if","locations":[{"start":{"line":7,"column":4},"end":{"line":7,"column":79}},{"start":{"line":7,"column":4},"end":{"line":7,"column":79}}],"line":7},"1":{"loc":{"start":{"line":11,"column":4},"end":{"line":18,"column":5}},"type":"if","locations":[{"start":{"line":11,"column":4},"end":{"line":18,"column":5}},{"start":{"line":11,"column":4},"end":{"line":18,"column":5}}],"line":11},"2":{"loc":{"start":{"line":12,"column":6},"end":{"line":12,"column":112}},"type":"if","locations":[{"start":{"line":12,"column":6},"end":{"line":12,"column":112}},{"start":{"line":12,"column":6},"end":{"line":12,"column":112}}],"line":12},"3":{"loc":{"start":{"line":12,"column":10},"end":{"line":12,"column":59}},"type":"binary-expr","locations":[{"start":{"line":12,"column":10},"end":{"line":12,"column":34}},{"start":{"line":12,"column":38},"end":{"line":12,"column":59}}],"line":12},"4":{"loc":{"start":{"line":14,"column":11},"end":{"line":18,"column":5}},"type":"if","locations":[{"start":{"line":14,"column":11},"end":{"line":18,"column":5}},{"start":{"line":14,"column":11},"end":{"line":18,"column":5}}],"line":14}},"s":{"0":8,"1":8,"2":1,"3":7,"4":7,"5":4,"6":2,"7":2,"8":3,"9":1,"10":2,"11":4,"12":4,"13":3},"f":{"0":8,"1":8,"2":4,"3":4,"4":3},"b":{"0":[1,7],"1":[4,3],"2":[2,2],"3":[4,3],"4":[1,2]},"_coverageSchema":"43e27e138ebf9cfc5966b082cf9a028302ed4184","hash":"e4a5047a30baef87a1fda48df15cc4870fcc807e"}
}
