{"/Users/donhamiltoniii/Documents/personal-projects/js-projects/vanilla-projects/vanilla-ui-component-library/src/js/utils/Html/Html.js": {"path":"/Users/donhamiltoniii/Documents/personal-projects/js-projects/vanilla-projects/vanilla-ui-component-library/src/js/utils/Html/Html.js","statementMap":{"0":{"start":{"line":4,"column":4},"end":{"line":4,"column":93}},"1":{"start":{"line":4,"column":43},"end":{"line":4,"column":93}},"2":{"start":{"line":6,"column":20},"end":{"line":6,"column":57}},"3":{"start":{"line":7,"column":4},"end":{"line":7,"column":97}},"4":{"start":{"line":7,"column":47},"end":{"line":7,"column":97}},"5":{"start":{"line":9,"column":4},"end":{"line":9,"column":18}},"6":{"start":{"line":13,"column":4},"end":{"line":13,"column":28}},"7":{"start":{"line":17,"column":4},"end":{"line":17,"column":93}},"8":{"start":{"line":17,"column":43},"end":{"line":17,"column":93}},"9":{"start":{"line":19,"column":20},"end":{"line":19,"column":57}},"10":{"start":{"line":21,"column":4},"end":{"line":21,"column":91}},"11":{"start":{"line":21,"column":41},"end":{"line":21,"column":91}},"12":{"start":{"line":23,"column":4},"end":{"line":23,"column":18}}},"fnMap":{"0":{"name":"(anonymous_0)","decl":{"start":{"line":3,"column":2},"end":{"line":3,"column":3}},"loc":{"start":{"line":3,"column":24},"end":{"line":10,"column":3}},"line":3},"1":{"name":"(anonymous_1)","decl":{"start":{"line":12,"column":2},"end":{"line":12,"column":3}},"loc":{"start":{"line":12,"column":29},"end":{"line":14,"column":3}},"line":12},"2":{"name":"(anonymous_2)","decl":{"start":{"line":16,"column":2},"end":{"line":16,"column":3}},"loc":{"start":{"line":16,"column":32},"end":{"line":24,"column":3}},"line":16}},"branchMap":{"0":{"loc":{"start":{"line":4,"column":4},"end":{"line":4,"column":93}},"type":"if","locations":[{"start":{"line":4,"column":4},"end":{"line":4,"column":93}},{"start":{"line":4,"column":4},"end":{"line":4,"column":93}}],"line":4},"1":{"loc":{"start":{"line":7,"column":4},"end":{"line":7,"column":97}},"type":"if","locations":[{"start":{"line":7,"column":4},"end":{"line":7,"column":97}},{"start":{"line":7,"column":4},"end":{"line":7,"column":97}}],"line":7},"2":{"loc":{"start":{"line":17,"column":4},"end":{"line":17,"column":93}},"type":"if","locations":[{"start":{"line":17,"column":4},"end":{"line":17,"column":93}},{"start":{"line":17,"column":4},"end":{"line":17,"column":93}}],"line":17},"3":{"loc":{"start":{"line":21,"column":4},"end":{"line":21,"column":91}},"type":"if","locations":[{"start":{"line":21,"column":4},"end":{"line":21,"column":91}},{"start":{"line":21,"column":4},"end":{"line":21,"column":91}}],"line":21}},"s":{"0":4,"1":1,"2":3,"3":3,"4":1,"5":2,"6":4,"7":5,"8":1,"9":4,"10":4,"11":1,"12":3},"f":{"0":4,"1":4,"2":5},"b":{"0":[1,3],"1":[1,2],"2":[1,4],"3":[1,3]},"_coverageSchema":"43e27e138ebf9cfc5966b082cf9a028302ed4184","hash":"94ac9142fe4f009fca600bf348b43bc527545cd4"}
}
