TN:
SF:/Users/donhamiltoniii/Documents/personal-projects/js-projects/vanilla-projects/vanilla-ui-component-library/src/js/utils/Html/Html.js
FN:1,(anonymous_0)
FN:6,(anonymous_1)
FN:21,(anonymous_2)
FN:25,(anonymous_3)
FN:29,(anonymous_4)
FNF:5
FNH:5
FNDA:8,(anonymous_0)
FNDA:8,(anonymous_1)
FNDA:4,(anonymous_2)
FNDA:4,(anonymous_3)
FNDA:3,(anonymous_4)
DA:2,8
DA:7,8
DA:9,7
DA:11,7
DA:12,4
DA:13,2
DA:14,3
DA:15,1
DA:17,2
DA:22,4
DA:26,4
DA:30,3
LF:12
LH:12
BRDA:7,0,0,1
BRDA:7,0,1,7
BRDA:11,1,0,4
BRDA:11,1,1,3
BRDA:12,2,0,2
BRDA:12,2,1,2
BRDA:12,3,0,4
BRDA:12,3,1,3
BRDA:14,4,0,1
BRDA:14,4,1,2
BRF:10
BRH:10
end_of_record
